<?xml version="1.0" encoding="UTF-8"?>
<!-- Generated by org.testng.reporters.JUnitXMLReporter -->
<testsuite ignored="3" hostname="LAPTOP-OQKCFD7P" failures="0" tests="2" name="Test Case 1: Check Registeration Edge" time="11.374" errors="0" timestamp="2024-07-06T12:04:27 GST">
  <testcase classname="TestCases.TC02_Registeration" name="Check_Regsiteration" time="3.022"/>
  <testcase classname="TestCases.TC04_HomePageAfterLogin" name="Check_LogOut" time="1.091"/>
  <testcase classname="TestCases.Testbase" name="@BeforeTest setup" time="0.0">
    <ignored/>
  </testcase> <!-- @BeforeTest setup -->
  <testcase classname="TestCases.Testbase" name="@AfterSuite deleteScreen" time="0.0">
    <ignored/>
  </testcase> <!-- @AfterSuite deleteScreen -->
  <testcase classname="TestCases.Testbase" name="@AfterTest teardown" time="0.0">
    <ignored/>
  </testcase> <!-- @AfterTest teardown -->
</testsuite> <!-- Test Case 1: Check Registeration Edge -->
