<?xml version="1.0" encoding="UTF-8"?>
<!-- Generated by org.testng.reporters.JUnitXMLReporter -->
<testsuite ignored="6" hostname="LAPTOP-OQKCFD7P" failures="0" tests="3" name="Test Case 1: Check Registeration" time="9.831" errors="0" timestamp="2024-07-05T19:10:01 GST">
  <testcase classname="TestCases.TC02_Registeration" name="Check_Regsiteration" time="2.954"/>
  <testcase classname="TestCases.TC04_HomePageAfterLogin" name="Check_LogOut" time="1.052"/>
  <testcase classname="TestCases.TC03_Login" name="Check_LoginUser" time="1.381"/>
  <testcase classname="TestCases.Testbase" name="@BeforeTest setup" time="0.0">
    <ignored/>
  </testcase> <!-- @BeforeTest setup -->
  <testcase classname="TestCases.Testbase" name="@AfterSuite deleteScreen" time="0.0">
    <ignored/>
  </testcase> <!-- @AfterSuite deleteScreen -->
  <testcase classname="TestCases.Testbase" name="@BeforeTest setup" time="0.0">
    <ignored/>
  </testcase> <!-- @BeforeTest setup -->
  <testcase classname="TestCases.Testbase" name="@AfterTest teardown" time="0.0">
    <ignored/>
  </testcase> <!-- @AfterTest teardown -->
  <testcase classname="TestCases.Testbase" name="@AfterSuite deleteScreen" time="0.0">
    <ignored/>
  </testcase> <!-- @AfterSuite deleteScreen -->
  <testcase classname="TestCases.Testbase" name="@AfterTest teardown" time="0.0">
    <ignored/>
  </testcase> <!-- @AfterTest teardown -->
</testsuite> <!-- Test Case 1: Check Registeration -->
