<?xml version="1.0" encoding="UTF-8"?>
<testng-results ignored="0" total="4" passed="4" failed="0" skipped="0">
  <reporter-output>
  </reporter-output>
  <suite started-at="2024-07-06T12:05:20 GST" name="All Test Suite" finished-at="2024-07-06T12:05:47 GST" duration-ms="26663">
    <groups>
    </groups>
    <test started-at="2024-07-06T12:05:20 GST" name="Test Case 1: Check Registeration firefox" finished-at="2024-07-06T12:05:35 GST" duration-ms="14973">
      <class name="TestCases.TC04_HomePageAfterLogin">
        <test-method signature="Check_LogOut()[pri:1, instance:TestCases.TC04_HomePageAfterLogin@7cf63b9a]" started-at="2024-07-06T12:05:32 GST" name="Check_LogOut" description="Verify Logout" finished-at="2024-07-06T12:05:33 GST" duration-ms="1003" status="PASS">
          <reporter-output>
          </reporter-output>
        </test-method> <!-- Check_LogOut -->
      </class> <!-- TestCases.TC04_HomePageAfterLogin -->
      <class name="TestCases.TC02_Registeration">
        <test-method is-config="true" signature="setup(java.lang.String)[pri:0, instance:TestCases.TC02_Registeration@217235f5]" started-at="2024-07-06T12:05:20 GST" name="setup" finished-at="2024-07-06T12:05:28 GST" duration-ms="7824" status="PASS">
          <params>
            <param index="0">
              <value>
                <![CDATA[firefox]]>
              </value>
            </param>
          </params>
          <reporter-output>
          </reporter-output>
        </test-method> <!-- setup -->
        <test-method signature="Check_Regsiteration()[pri:1, instance:TestCases.TC02_Registeration@217235f5]" started-at="2024-07-06T12:05:28 GST" name="Check_Regsiteration" description="Test Case 1 : Verify Regsiteration" finished-at="2024-07-06T12:05:31 GST" duration-ms="3189" status="PASS">
          <reporter-output>
          </reporter-output>
        </test-method> <!-- Check_Regsiteration -->
        <test-method is-config="true" signature="teardown()[pri:0, instance:TestCases.TC02_Registeration@217235f5]" started-at="2024-07-06T12:05:34 GST" name="teardown" finished-at="2024-07-06T12:05:35 GST" duration-ms="1230" status="PASS">
          <reporter-output>
          </reporter-output>
        </test-method> <!-- teardown -->
      </class> <!-- TestCases.TC02_Registeration -->
      <class name="TestCases.TC03_Login">
        <test-method signature="Check_LoginUser()[pri:1, instance:TestCases.TC03_Login@4776e209]" started-at="2024-07-06T12:05:33 GST" name="Check_LoginUser" description=" Verify Login User" finished-at="2024-07-06T12:05:34 GST" duration-ms="1457" status="PASS">
          <reporter-output>
          </reporter-output>
        </test-method> <!-- Check_LoginUser -->
      </class> <!-- TestCases.TC03_Login -->
    </test> <!-- Test Case 1: Check Registeration firefox -->
    <test started-at="2024-07-06T12:05:35 GST" name="Test Case 2: Choose Category and add prodcut cart firefox" finished-at="2024-07-06T12:05:47 GST" duration-ms="11637">
      <class name="TestCases.TC01_Dashboard">
        <test-method is-config="true" signature="setup(java.lang.String)[pri:0, instance:TestCases.TC01_Dashboard@7e3236d]" started-at="2024-07-06T12:05:35 GST" name="setup" finished-at="2024-07-06T12:05:44 GST" duration-ms="8676" status="PASS">
          <params>
            <param index="0">
              <value>
                <![CDATA[firefox]]>
              </value>
            </param>
          </params>
          <reporter-output>
          </reporter-output>
        </test-method> <!-- setup -->
        <test-method signature="Check_choosecategory()[pri:1, instance:TestCases.TC01_Dashboard@7e3236d]" started-at="2024-07-06T12:05:44 GST" name="Check_choosecategory" description="Verify choose category" finished-at="2024-07-06T12:05:46 GST" duration-ms="1633" status="PASS">
          <reporter-output>
          </reporter-output>
        </test-method> <!-- Check_choosecategory -->
        <test-method is-config="true" signature="teardown()[pri:0, instance:TestCases.TC01_Dashboard@7e3236d]" started-at="2024-07-06T12:05:46 GST" name="teardown" finished-at="2024-07-06T12:05:47 GST" duration-ms="1323" status="PASS">
          <reporter-output>
          </reporter-output>
        </test-method> <!-- teardown -->
        <test-method is-config="true" signature="deleteScreen()[pri:0, instance:TestCases.TC01_Dashboard@7e3236d]" started-at="2024-07-06T12:05:47 GST" name="deleteScreen" finished-at="2024-07-06T12:05:47 GST" duration-ms="8" status="PASS">
          <reporter-output>
          </reporter-output>
        </test-method> <!-- deleteScreen -->
      </class> <!-- TestCases.TC01_Dashboard -->
    </test> <!-- Test Case 2: Choose Category and add prodcut cart firefox -->
  </suite> <!-- All Test Suite -->
</testng-results>
