<?xml version="1.0" encoding="UTF-8"?>
<testng-results ignored="0" total="4" passed="4" failed="0" skipped="0">
  <reporter-output>
  </reporter-output>
  <suite started-at="2024-07-05T19:09:51 GST" name="All Test Suite" finished-at="2024-07-05T19:10:05 GST" duration-ms="13901">
    <groups>
    </groups>
    <test started-at="2024-07-05T19:09:51 GST" name="Test Case 1: Check Registeration" finished-at="2024-07-05T19:10:01 GST" duration-ms="9831">
      <class name="TestCases.TC04_HomePageAfterLogin">
        <test-method signature="Check_LogOut()[pri:1, instance:TestCases.TC04_HomePageAfterLogin@33e0c716]" started-at="2024-07-05T19:09:59 GST" name="Check_LogOut" description="Verify Logout" finished-at="2024-07-05T19:10:00 GST" duration-ms="1052" status="PASS">
          <reporter-output>
          </reporter-output>
        </test-method> <!-- Check_LogOut -->
      </class> <!-- TestCases.TC04_HomePageAfterLogin -->
      <class name="TestCases.TC02_Registeration">
        <test-method is-config="true" signature="setup(java.lang.String)[pri:0, instance:TestCases.TC02_Registeration@16d0e521]" started-at="2024-07-05T19:09:51 GST" name="setup" finished-at="2024-07-05T19:09:55 GST" duration-ms="4219" status="PASS">
          <params>
            <param index="0">
              <value>
                <![CDATA[]]>
              </value>
            </param>
          </params>
          <reporter-output>
          </reporter-output>
        </test-method> <!-- setup -->
        <test-method signature="Check_Regsiteration()[pri:1, instance:TestCases.TC02_Registeration@16d0e521]" started-at="2024-07-05T19:09:56 GST" name="Check_Regsiteration" description="Test Case 1 : Verify Regsiteration" finished-at="2024-07-05T19:09:58 GST" duration-ms="2954" status="PASS">
          <reporter-output>
          </reporter-output>
        </test-method> <!-- Check_Regsiteration -->
        <test-method is-config="true" signature="teardown()[pri:0, instance:TestCases.TC02_Registeration@16d0e521]" started-at="2024-07-05T19:10:01 GST" name="teardown" finished-at="2024-07-05T19:10:01 GST" duration-ms="1" status="PASS">
          <reporter-output>
          </reporter-output>
        </test-method> <!-- teardown -->
      </class> <!-- TestCases.TC02_Registeration -->
      <class name="TestCases.TC03_Login">
        <test-method signature="Check_LoginUser()[pri:1, instance:TestCases.TC03_Login@1d6a8386]" started-at="2024-07-05T19:10:00 GST" name="Check_LoginUser" description=" Verify Login User" finished-at="2024-07-05T19:10:01 GST" duration-ms="1381" status="PASS">
          <reporter-output>
          </reporter-output>
        </test-method> <!-- Check_LoginUser -->
      </class> <!-- TestCases.TC03_Login -->
    </test> <!-- Test Case 1: Check Registeration -->
    <test started-at="2024-07-05T19:10:01 GST" name="Test Case 2: Choose Category and add prodcut cart" finished-at="2024-07-05T19:10:05 GST" duration-ms="4020">
      <class name="TestCases.TC01_Dashboard">
        <test-method is-config="true" signature="setup(java.lang.String)[pri:0, instance:TestCases.TC01_Dashboard@34c53688]" started-at="2024-07-05T19:10:01 GST" name="setup" finished-at="2024-07-05T19:10:04 GST" duration-ms="2740" status="PASS">
          <params>
            <param index="0">
              <value>
                <![CDATA[]]>
              </value>
            </param>
          </params>
          <reporter-output>
          </reporter-output>
        </test-method> <!-- setup -->
        <test-method signature="Check_choosecategory()[pri:1, instance:TestCases.TC01_Dashboard@34c53688]" started-at="2024-07-05T19:10:04 GST" name="Check_choosecategory" description="Verify choose category" finished-at="2024-07-05T19:10:05 GST" duration-ms="1274" status="PASS">
          <reporter-output>
          </reporter-output>
        </test-method> <!-- Check_choosecategory -->
        <test-method is-config="true" signature="teardown()[pri:0, instance:TestCases.TC01_Dashboard@34c53688]" started-at="2024-07-05T19:10:05 GST" name="teardown" finished-at="2024-07-05T19:10:05 GST" duration-ms="1" status="PASS">
          <reporter-output>
          </reporter-output>
        </test-method> <!-- teardown -->
        <test-method is-config="true" signature="deleteScreen()[pri:0, instance:TestCases.TC01_Dashboard@34c53688]" started-at="2024-07-05T19:10:05 GST" name="deleteScreen" finished-at="2024-07-05T19:10:05 GST" duration-ms="14" status="PASS">
          <reporter-output>
          </reporter-output>
        </test-method> <!-- deleteScreen -->
      </class> <!-- TestCases.TC01_Dashboard -->
    </test> <!-- Test Case 2: Choose Category and add prodcut cart -->
  </suite> <!-- All Test Suite -->
</testng-results>
